[0.659s] Invoking command in '/home/fatima/MR_Lab_Fatima/Week_1/my_first_pkg': PYTHONPATH=/home/fatima/MR_Lab_Fatima/build/my_first_pkg/prefix_override:/usr/lib/python3/dist-packages/colcon_core/task/python/colcon_distutils_commands:/home/fatima/MR_Lab_Fatima/install/my_first_pkg/lib/python3.10/site-packages:${PYTHONPATH} /usr/bin/python3 -W ignore:setup.py install is deprecated -W ignore:easy_install command is deprecated setup.py egg_info --egg-base ../../build/my_first_pkg build --build-base /home/fatima/MR_Lab_Fatima/build/my_first_pkg/build install --record /home/fatima/MR_Lab_Fatima/build/my_first_pkg/install.log --single-version-externally-managed install_data
[0.916s] running egg_info
[0.916s] creating ../../build/my_first_pkg/my_first_pkg.egg-info
[0.916s] writing ../../build/my_first_pkg/my_first_pkg.egg-info/PKG-INFO
[0.917s] writing dependency_links to ../../build/my_first_pkg/my_first_pkg.egg-info/dependency_links.txt
[0.917s] writing entry points to ../../build/my_first_pkg/my_first_pkg.egg-info/entry_points.txt
[0.917s] writing requirements to ../../build/my_first_pkg/my_first_pkg.egg-info/requires.txt
[0.917s] writing top-level names to ../../build/my_first_pkg/my_first_pkg.egg-info/top_level.txt
[0.917s] writing manifest file '../../build/my_first_pkg/my_first_pkg.egg-info/SOURCES.txt'
[0.919s] reading manifest file '../../build/my_first_pkg/my_first_pkg.egg-info/SOURCES.txt'
[0.920s] writing manifest file '../../build/my_first_pkg/my_first_pkg.egg-info/SOURCES.txt'
[0.920s] running build
[0.920s] running build_py
[0.920s] creating /home/fatima/MR_Lab_Fatima/build/my_first_pkg/build
[0.920s] creating /home/fatima/MR_Lab_Fatima/build/my_first_pkg/build/lib
[0.920s] creating /home/fatima/MR_Lab_Fatima/build/my_first_pkg/build/lib/my_first_pkg
[0.920s] copying my_first_pkg/simple_node.py -> /home/fatima/MR_Lab_Fatima/build/my_first_pkg/build/lib/my_first_pkg
[0.921s] copying my_first_pkg/__init__.py -> /home/fatima/MR_Lab_Fatima/build/my_first_pkg/build/lib/my_first_pkg
[0.921s] running install
[0.921s] running install_lib
[0.922s] creating /home/fatima/MR_Lab_Fatima/install/my_first_pkg/lib/python3.10/site-packages/my_first_pkg
[0.922s] copying /home/fatima/MR_Lab_Fatima/build/my_first_pkg/build/lib/my_first_pkg/simple_node.py -> /home/fatima/MR_Lab_Fatima/install/my_first_pkg/lib/python3.10/site-packages/my_first_pkg
[0.922s] copying /home/fatima/MR_Lab_Fatima/build/my_first_pkg/build/lib/my_first_pkg/__init__.py -> /home/fatima/MR_Lab_Fatima/install/my_first_pkg/lib/python3.10/site-packages/my_first_pkg
[0.923s] byte-compiling /home/fatima/MR_Lab_Fatima/install/my_first_pkg/lib/python3.10/site-packages/my_first_pkg/simple_node.py to simple_node.cpython-310.pyc
[0.923s] byte-compiling /home/fatima/MR_Lab_Fatima/install/my_first_pkg/lib/python3.10/site-packages/my_first_pkg/__init__.py to __init__.cpython-310.pyc
[0.924s] running install_data
[0.924s] creating /home/fatima/MR_Lab_Fatima/install/my_first_pkg/share/ament_index
[0.924s] creating /home/fatima/MR_Lab_Fatima/install/my_first_pkg/share/ament_index/resource_index
[0.924s] creating /home/fatima/MR_Lab_Fatima/install/my_first_pkg/share/ament_index/resource_index/packages
[0.924s] copying resource/my_first_pkg -> /home/fatima/MR_Lab_Fatima/install/my_first_pkg/share/ament_index/resource_index/packages
[0.924s] copying package.xml -> /home/fatima/MR_Lab_Fatima/install/my_first_pkg/share/my_first_pkg
[0.924s] running install_egg_info
[0.926s] Copying ../../build/my_first_pkg/my_first_pkg.egg-info to /home/fatima/MR_Lab_Fatima/install/my_first_pkg/lib/python3.10/site-packages/my_first_pkg-0.0.0-py3.10.egg-info
[0.927s] running install_scripts
[0.952s] Installing simple_node script to /home/fatima/MR_Lab_Fatima/install/my_first_pkg/lib/my_first_pkg
[0.952s] writing list of installed files to '/home/fatima/MR_Lab_Fatima/build/my_first_pkg/install.log'
[0.980s] Invoked command in '/home/fatima/MR_Lab_Fatima/Week_1/my_first_pkg' returned '0': PYTHONPATH=/home/fatima/MR_Lab_Fatima/build/my_first_pkg/prefix_override:/usr/lib/python3/dist-packages/colcon_core/task/python/colcon_distutils_commands:/home/fatima/MR_Lab_Fatima/install/my_first_pkg/lib/python3.10/site-packages:${PYTHONPATH} /usr/bin/python3 -W ignore:setup.py install is deprecated -W ignore:easy_install command is deprecated setup.py egg_info --egg-base ../../build/my_first_pkg build --build-base /home/fatima/MR_Lab_Fatima/build/my_first_pkg/build install --record /home/fatima/MR_Lab_Fatima/build/my_first_pkg/install.log --single-version-externally-managed install_data
