/home/fatima/MR_Lab_Fatima/install/my_turtle_package/lib/python3.10/site-packages/my_turtle_package/move_turtle.py
/home/fatima/MR_Lab_Fatima/install/my_turtle_package/lib/python3.10/site-packages/my_turtle_package/move_triangular.py
/home/fatima/MR_Lab_Fatima/install/my_turtle_package/lib/python3.10/site-packages/my_turtle_package/move_circle.py
/home/fatima/MR_Lab_Fatima/install/my_turtle_package/lib/python3.10/site-packages/my_turtle_package/three_turtle.py
/home/fatima/MR_Lab_Fatima/install/my_turtle_package/lib/python3.10/site-packages/my_turtle_package/move_to_point.py
/home/fatima/MR_Lab_Fatima/install/my_turtle_package/lib/python3.10/site-packages/my_turtle_package/__init__.py
/home/fatima/MR_Lab_Fatima/install/my_turtle_package/lib/python3.10/site-packages/my_turtle_package/my_node.py
/home/fatima/MR_Lab_Fatima/install/my_turtle_package/lib/python3.10/site-packages/my_turtle_package/__pycache__/move_turtle.cpython-310.pyc
/home/fatima/MR_Lab_Fatima/install/my_turtle_package/lib/python3.10/site-packages/my_turtle_package/__pycache__/move_triangular.cpython-310.pyc
/home/fatima/MR_Lab_Fatima/install/my_turtle_package/lib/python3.10/site-packages/my_turtle_package/__pycache__/move_circle.cpython-310.pyc
/home/fatima/MR_Lab_Fatima/install/my_turtle_package/lib/python3.10/site-packages/my_turtle_package/__pycache__/three_turtle.cpython-310.pyc
/home/fatima/MR_Lab_Fatima/install/my_turtle_package/lib/python3.10/site-packages/my_turtle_package/__pycache__/move_to_point.cpython-310.pyc
/home/fatima/MR_Lab_Fatima/install/my_turtle_package/lib/python3.10/site-packages/my_turtle_package/__pycache__/__init__.cpython-310.pyc
/home/fatima/MR_Lab_Fatima/install/my_turtle_package/lib/python3.10/site-packages/my_turtle_package/__pycache__/my_node.cpython-310.pyc
/home/fatima/MR_Lab_Fatima/install/my_turtle_package/share/ament_index/resource_index/packages/my_turtle_package
/home/fatima/MR_Lab_Fatima/install/my_turtle_package/share/my_turtle_package/package.xml
/home/fatima/MR_Lab_Fatima/install/my_turtle_package/lib/python3.10/site-packages/my_turtle_package-0.0.0-py3.10.egg-info/SOURCES.txt
/home/fatima/MR_Lab_Fatima/install/my_turtle_package/lib/python3.10/site-packages/my_turtle_package-0.0.0-py3.10.egg-info/zip-safe
/home/fatima/MR_Lab_Fatima/install/my_turtle_package/lib/python3.10/site-packages/my_turtle_package-0.0.0-py3.10.egg-info/requires.txt
/home/fatima/MR_Lab_Fatima/install/my_turtle_package/lib/python3.10/site-packages/my_turtle_package-0.0.0-py3.10.egg-info/entry_points.txt
/home/fatima/MR_Lab_Fatima/install/my_turtle_package/lib/python3.10/site-packages/my_turtle_package-0.0.0-py3.10.egg-info/dependency_links.txt
/home/fatima/MR_Lab_Fatima/install/my_turtle_package/lib/python3.10/site-packages/my_turtle_package-0.0.0-py3.10.egg-info/top_level.txt
/home/fatima/MR_Lab_Fatima/install/my_turtle_package/lib/python3.10/site-packages/my_turtle_package-0.0.0-py3.10.egg-info/PKG-INFO
/home/fatima/MR_Lab_Fatima/install/my_turtle_package/lib/my_turtle_package/move_circle
/home/fatima/MR_Lab_Fatima/install/my_turtle_package/lib/my_turtle_package/move_to_point
/home/fatima/MR_Lab_Fatima/install/my_turtle_package/lib/my_turtle_package/move_triangular
/home/fatima/MR_Lab_Fatima/install/my_turtle_package/lib/my_turtle_package/move_turtle
/home/fatima/MR_Lab_Fatima/install/my_turtle_package/lib/my_turtle_package/my_node
/home/fatima/MR_Lab_Fatima/install/my_turtle_package/lib/my_turtle_package/three_turtle
