[0.668s] Invoking command in '/home/fatima/MR_Lab_Fatima/Week_3/my_turtle_package': PYTHONPATH=/home/fatima/MR_Lab_Fatima/build/my_turtle_package/prefix_override:/usr/lib/python3/dist-packages/colcon_core/task/python/colcon_distutils_commands:/home/fatima/MR_Lab_Fatima/install/my_turtle_package/lib/python3.10/site-packages:${PYTHONPATH} /usr/bin/python3 -W ignore:setup.py install is deprecated -W ignore:easy_install command is deprecated setup.py egg_info --egg-base ../../build/my_turtle_package build --build-base /home/fatima/MR_Lab_Fatima/build/my_turtle_package/build install --record /home/fatima/MR_Lab_Fatima/build/my_turtle_package/install.log --single-version-externally-managed install_data
[0.928s] running egg_info
[0.928s] creating ../../build/my_turtle_package/my_turtle_package.egg-info
[0.929s] writing ../../build/my_turtle_package/my_turtle_package.egg-info/PKG-INFO
[0.929s] writing dependency_links to ../../build/my_turtle_package/my_turtle_package.egg-info/dependency_links.txt
[0.929s] writing entry points to ../../build/my_turtle_package/my_turtle_package.egg-info/entry_points.txt
[0.929s] writing requirements to ../../build/my_turtle_package/my_turtle_package.egg-info/requires.txt
[0.929s] writing top-level names to ../../build/my_turtle_package/my_turtle_package.egg-info/top_level.txt
[0.930s] writing manifest file '../../build/my_turtle_package/my_turtle_package.egg-info/SOURCES.txt'
[0.931s] reading manifest file '../../build/my_turtle_package/my_turtle_package.egg-info/SOURCES.txt'
[0.932s] writing manifest file '../../build/my_turtle_package/my_turtle_package.egg-info/SOURCES.txt'
[0.932s] running build
[0.932s] running build_py
[0.933s] creating /home/fatima/MR_Lab_Fatima/build/my_turtle_package/build
[0.933s] creating /home/fatima/MR_Lab_Fatima/build/my_turtle_package/build/lib
[0.933s] creating /home/fatima/MR_Lab_Fatima/build/my_turtle_package/build/lib/my_turtle_package
[0.933s] copying my_turtle_package/move_turtle.py -> /home/fatima/MR_Lab_Fatima/build/my_turtle_package/build/lib/my_turtle_package
[0.933s] copying my_turtle_package/move_triangular.py -> /home/fatima/MR_Lab_Fatima/build/my_turtle_package/build/lib/my_turtle_package
[0.933s] copying my_turtle_package/move_circle.py -> /home/fatima/MR_Lab_Fatima/build/my_turtle_package/build/lib/my_turtle_package
[0.933s] copying my_turtle_package/three_turtle.py -> /home/fatima/MR_Lab_Fatima/build/my_turtle_package/build/lib/my_turtle_package
[0.933s] copying my_turtle_package/move_to_point.py -> /home/fatima/MR_Lab_Fatima/build/my_turtle_package/build/lib/my_turtle_package
[0.934s] copying my_turtle_package/__init__.py -> /home/fatima/MR_Lab_Fatima/build/my_turtle_package/build/lib/my_turtle_package
[0.934s] copying my_turtle_package/my_node.py -> /home/fatima/MR_Lab_Fatima/build/my_turtle_package/build/lib/my_turtle_package
[0.934s] running install
[0.934s] running install_lib
[0.935s] creating /home/fatima/MR_Lab_Fatima/install/my_turtle_package/lib/python3.10/site-packages/my_turtle_package
[0.935s] copying /home/fatima/MR_Lab_Fatima/build/my_turtle_package/build/lib/my_turtle_package/move_turtle.py -> /home/fatima/MR_Lab_Fatima/install/my_turtle_package/lib/python3.10/site-packages/my_turtle_package
[0.935s] copying /home/fatima/MR_Lab_Fatima/build/my_turtle_package/build/lib/my_turtle_package/move_triangular.py -> /home/fatima/MR_Lab_Fatima/install/my_turtle_package/lib/python3.10/site-packages/my_turtle_package
[0.936s] copying /home/fatima/MR_Lab_Fatima/build/my_turtle_package/build/lib/my_turtle_package/move_circle.py -> /home/fatima/MR_Lab_Fatima/install/my_turtle_package/lib/python3.10/site-packages/my_turtle_package
[0.936s] copying /home/fatima/MR_Lab_Fatima/build/my_turtle_package/build/lib/my_turtle_package/three_turtle.py -> /home/fatima/MR_Lab_Fatima/install/my_turtle_package/lib/python3.10/site-packages/my_turtle_package
[0.936s] copying /home/fatima/MR_Lab_Fatima/build/my_turtle_package/build/lib/my_turtle_package/move_to_point.py -> /home/fatima/MR_Lab_Fatima/install/my_turtle_package/lib/python3.10/site-packages/my_turtle_package
[0.936s] copying /home/fatima/MR_Lab_Fatima/build/my_turtle_package/build/lib/my_turtle_package/__init__.py -> /home/fatima/MR_Lab_Fatima/install/my_turtle_package/lib/python3.10/site-packages/my_turtle_package
[0.936s] copying /home/fatima/MR_Lab_Fatima/build/my_turtle_package/build/lib/my_turtle_package/my_node.py -> /home/fatima/MR_Lab_Fatima/install/my_turtle_package/lib/python3.10/site-packages/my_turtle_package
[0.937s] byte-compiling /home/fatima/MR_Lab_Fatima/install/my_turtle_package/lib/python3.10/site-packages/my_turtle_package/move_turtle.py to move_turtle.cpython-310.pyc
[0.937s] byte-compiling /home/fatima/MR_Lab_Fatima/install/my_turtle_package/lib/python3.10/site-packages/my_turtle_package/move_triangular.py to move_triangular.cpython-310.pyc
[0.938s] byte-compiling /home/fatima/MR_Lab_Fatima/install/my_turtle_package/lib/python3.10/site-packages/my_turtle_package/move_circle.py to move_circle.cpython-310.pyc
[0.938s] byte-compiling /home/fatima/MR_Lab_Fatima/install/my_turtle_package/lib/python3.10/site-packages/my_turtle_package/three_turtle.py to three_turtle.cpython-310.pyc
[0.939s] byte-compiling /home/fatima/MR_Lab_Fatima/install/my_turtle_package/lib/python3.10/site-packages/my_turtle_package/move_to_point.py to move_to_point.cpython-310.pyc
[0.940s] byte-compiling /home/fatima/MR_Lab_Fatima/install/my_turtle_package/lib/python3.10/site-packages/my_turtle_package/__init__.py to __init__.cpython-310.pyc
[0.940s] byte-compiling /home/fatima/MR_Lab_Fatima/install/my_turtle_package/lib/python3.10/site-packages/my_turtle_package/my_node.py to my_node.cpython-310.pyc
[0.940s] running install_data
[0.940s] creating /home/fatima/MR_Lab_Fatima/install/my_turtle_package/share/ament_index
[0.940s] creating /home/fatima/MR_Lab_Fatima/install/my_turtle_package/share/ament_index/resource_index
[0.940s] creating /home/fatima/MR_Lab_Fatima/install/my_turtle_package/share/ament_index/resource_index/packages
[0.940s] copying resource/my_turtle_package -> /home/fatima/MR_Lab_Fatima/install/my_turtle_package/share/ament_index/resource_index/packages
[0.941s] copying package.xml -> /home/fatima/MR_Lab_Fatima/install/my_turtle_package/share/my_turtle_package
[0.941s] running install_egg_info
[0.943s] Copying ../../build/my_turtle_package/my_turtle_package.egg-info to /home/fatima/MR_Lab_Fatima/install/my_turtle_package/lib/python3.10/site-packages/my_turtle_package-0.0.0-py3.10.egg-info
[0.945s] running install_scripts
[0.967s] Installing move_circle script to /home/fatima/MR_Lab_Fatima/install/my_turtle_package/lib/my_turtle_package
[0.967s] Installing move_to_point script to /home/fatima/MR_Lab_Fatima/install/my_turtle_package/lib/my_turtle_package
[0.968s] Installing move_triangular script to /home/fatima/MR_Lab_Fatima/install/my_turtle_package/lib/my_turtle_package
[0.968s] Installing move_turtle script to /home/fatima/MR_Lab_Fatima/install/my_turtle_package/lib/my_turtle_package
[0.968s] Installing my_node script to /home/fatima/MR_Lab_Fatima/install/my_turtle_package/lib/my_turtle_package
[0.968s] Installing three_turtle script to /home/fatima/MR_Lab_Fatima/install/my_turtle_package/lib/my_turtle_package
[0.968s] writing list of installed files to '/home/fatima/MR_Lab_Fatima/build/my_turtle_package/install.log'
[0.998s] Invoked command in '/home/fatima/MR_Lab_Fatima/Week_3/my_turtle_package' returned '0': PYTHONPATH=/home/fatima/MR_Lab_Fatima/build/my_turtle_package/prefix_override:/usr/lib/python3/dist-packages/colcon_core/task/python/colcon_distutils_commands:/home/fatima/MR_Lab_Fatima/install/my_turtle_package/lib/python3.10/site-packages:${PYTHONPATH} /usr/bin/python3 -W ignore:setup.py install is deprecated -W ignore:easy_install command is deprecated setup.py egg_info --egg-base ../../build/my_turtle_package build --build-base /home/fatima/MR_Lab_Fatima/build/my_turtle_package/build install --record /home/fatima/MR_Lab_Fatima/build/my_turtle_package/install.log --single-version-externally-managed install_data
